<?xml version="1.0" encoding="UTF-8"?>
<!-- Generated by org.testng.reporters.JUnitReportReporter -->
<testsuite hostname="DESKTOP-PMUGC8D" failures="0" tests="1" name="ExerciseTest.TestMartAppFeatures" time="7.368" errors="0" timestamp="2023-06-06T19:08:18 IST" skipped="0">
  <testcase classname="ExerciseTest.TestMartAppFeatures" name="getProductTitlesByWorseRating" time="7.368"/>
  <system-out/>
</testsuite> <!-- ExerciseTest.TestMartAppFeatures -->
